-------------------------------------------------------------------------------
Test set: com.proyecto.entrega.Controladores.ActivityControllerTest
-------------------------------------------------------------------------------
Tests run: 5, Failures: 2, Errors: 0, Skipped: 0, Time elapsed: 3.519 s <<< FAILURE! -- in com.proyecto.entrega.Controladores.ActivityControllerTest
com.proyecto.entrega.Controladores.ActivityControllerTest.createActivity_returnsOk_andCallsService_enviandoIdsComoLong -- Time elapsed: 2.694 s <<< FAILURE!
java.lang.AssertionError: 

Expecting actual not to be null
	at com.proyecto.entrega.Controladores.ActivityControllerTest.createActivity_returnsOk_andCallsService_enviandoIdsComoLong(ActivityControllerTest.java:143)
	at java.base/java.lang.reflect.Method.invoke(Method.java:569)
	at java.base/java.util.ArrayList.forEach(ArrayList.java:1511)
	at java.base/java.util.ArrayList.forEach(ArrayList.java:1511)

com.proyecto.entrega.Controladores.ActivityControllerTest.updateActivity_returnsOk_andCallsService_enviandoIdsComoLong -- Time elapsed: 0.035 s <<< FAILURE!
java.lang.AssertionError: 

Expecting actual not to be null
	at com.proyecto.entrega.Controladores.ActivityControllerTest.updateActivity_returnsOk_andCallsService_enviandoIdsComoLong(ActivityControllerTest.java:170)
	at java.base/java.lang.reflect.Method.invoke(Method.java:569)
	at java.base/java.util.ArrayList.forEach(ArrayList.java:1511)
	at java.base/java.util.ArrayList.forEach(ArrayList.java:1511)

